0 info it worked if it ends with ok
1 verbose cli [ '/usr/local/bin/node',
1 verbose cli   '/usr/local/bin/npm',
1 verbose cli   'install',
1 verbose cli   '-g',
1 verbose cli   'express' ]
2 info using npm@2.15.5
3 info using node@v4.4.5
4 verbose install initial load of /usr/local/lib/package.json
5 verbose readDependencies loading dependencies from /usr/local/lib/package.json
6 silly cache add args [ 'express', null ]
7 verbose cache add spec express
8 silly cache add parsed spec Result {
8 silly cache add   raw: 'express',
8 silly cache add   scope: null,
8 silly cache add   name: 'express',
8 silly cache add   rawSpec: '',
8 silly cache add   spec: 'latest',
8 silly cache add   type: 'tag' }
9 silly addNamed express@latest
10 verbose addNamed "latest" is being treated as a dist-tag for express
11 info addNameTag [ 'express', 'latest' ]
12 silly mapToRegistry name express
13 silly mapToRegistry using default registry
14 silly mapToRegistry registry https://registry.npmjs.org/
15 silly mapToRegistry data Result {
15 silly mapToRegistry   raw: 'express',
15 silly mapToRegistry   scope: null,
15 silly mapToRegistry   name: 'express',
15 silly mapToRegistry   rawSpec: '',
15 silly mapToRegistry   spec: 'latest',
15 silly mapToRegistry   type: 'tag' }
16 silly mapToRegistry uri https://registry.npmjs.org/express
17 verbose addNameTag registry:https://registry.npmjs.org/express not in flight; fetching
18 verbose request uri https://registry.npmjs.org/express
19 verbose request no auth needed
20 info attempt registry request try #1 at 9:33:35 AM
21 verbose request id 7bcaee9a84012ba8
22 http request GET https://registry.npmjs.org/express
23 http 200 https://registry.npmjs.org/express
24 verbose headers { server: 'CouchDB/1.6.1 (Erlang OTP/R16B03)',
24 verbose headers   etag: '"9K3XZ6DFNDLUMMM0LNPMSYK6J"',
24 verbose headers   'content-type': 'application/json',
24 verbose headers   'content-encoding': 'gzip',
24 verbose headers   'cache-control': 'max-age=300',
24 verbose headers   'content-length': '55544',
24 verbose headers   'accept-ranges': 'bytes',
24 verbose headers   date: 'Thu, 14 Jul 2016 16:33:36 GMT',
24 verbose headers   via: '1.1 varnish',
24 verbose headers   age: '24',
24 verbose headers   connection: 'keep-alive',
24 verbose headers   'x-served-by': 'cache-sea1926-SEA',
24 verbose headers   'x-cache': 'HIT',
24 verbose headers   'x-cache-hits': '1',
24 verbose headers   'x-timer': 'S1468514016.005845,VS0,VE0',
24 verbose headers   vary: 'Accept-Encoding' }
25 silly get cb [ 200,
25 silly get   { server: 'CouchDB/1.6.1 (Erlang OTP/R16B03)',
25 silly get     etag: '"9K3XZ6DFNDLUMMM0LNPMSYK6J"',
25 silly get     'content-type': 'application/json',
25 silly get     'content-encoding': 'gzip',
25 silly get     'cache-control': 'max-age=300',
25 silly get     'content-length': '55544',
25 silly get     'accept-ranges': 'bytes',
25 silly get     date: 'Thu, 14 Jul 2016 16:33:36 GMT',
25 silly get     via: '1.1 varnish',
25 silly get     age: '24',
25 silly get     connection: 'keep-alive',
25 silly get     'x-served-by': 'cache-sea1926-SEA',
25 silly get     'x-cache': 'HIT',
25 silly get     'x-cache-hits': '1',
25 silly get     'x-timer': 'S1468514016.005845,VS0,VE0',
25 silly get     vary: 'Accept-Encoding' } ]
26 verbose get saving express to /Users/salmansalem/.npm/registry.npmjs.org/express/.cache.json
27 verbose correctMkdir /Users/salmansalem/.npm correctMkdir not in flight; initializing
28 silly addNameTag next cb for express with tag latest
29 silly addNamed express@4.14.0
30 verbose addNamed "4.14.0" is a plain semver version for express
31 silly mapToRegistry name express
32 silly mapToRegistry using default registry
33 silly mapToRegistry registry https://registry.npmjs.org/
34 silly mapToRegistry data Result {
34 silly mapToRegistry   raw: 'express',
34 silly mapToRegistry   scope: null,
34 silly mapToRegistry   name: 'express',
34 silly mapToRegistry   rawSpec: '',
34 silly mapToRegistry   spec: 'latest',
34 silly mapToRegistry   type: 'tag' }
35 silly mapToRegistry uri https://registry.npmjs.org/express
36 verbose addRemoteTarball https://registry.npmjs.org/express/-/express-4.14.0.tgz not in flight; adding
37 verbose addRemoteTarball [ 'https://registry.npmjs.org/express/-/express-4.14.0.tgz',
37 verbose addRemoteTarball   'c1ee3f42cdc891fb3dc650a8922d51ec847d0d66' ]
38 info retry fetch attempt 1 at 9:33:36 AM
39 info attempt registry request try #1 at 9:33:36 AM
40 http fetch GET https://registry.npmjs.org/express/-/express-4.14.0.tgz
41 http fetch 200 https://registry.npmjs.org/express/-/express-4.14.0.tgz
42 silly fetchAndShaCheck shasum c1ee3f42cdc891fb3dc650a8922d51ec847d0d66
43 verbose addTmpTarball /var/folders/zm/ygyylpf91gbb9q9475m3hgkr0000gn/T/npm-67889-a04e424e/registry.npmjs.org/express/-/express-4.14.0.tgz not in flight; adding
44 verbose addTmpTarball already have metadata; skipping unpack for express@4.14.0
45 verbose correctMkdir /Users/salmansalem/.npm correctMkdir not in flight; initializing
46 silly cache afterAdd express@4.14.0
47 verbose afterAdd /Users/salmansalem/.npm/express/4.14.0/package/package.json not in flight; writing
48 verbose correctMkdir /Users/salmansalem/.npm correctMkdir not in flight; initializing
49 verbose afterAdd /Users/salmansalem/.npm/express/4.14.0/package/package.json written
50 silly install resolved [ { name: 'express',
50 silly install resolved     description: 'Fast, unopinionated, minimalist web framework',
50 silly install resolved     version: '4.14.0',
50 silly install resolved     author: { name: 'TJ Holowaychuk', email: 'tj@vision-media.ca' },
50 silly install resolved     contributors:
50 silly install resolved      [ [Object],
50 silly install resolved        [Object],
50 silly install resolved        [Object],
50 silly install resolved        [Object],
50 silly install resolved        [Object],
50 silly install resolved        [Object],
50 silly install resolved        [Object] ],
50 silly install resolved     license: 'MIT',
50 silly install resolved     repository: { type: 'git', url: 'https://github.com/expressjs/express' },
50 silly install resolved     homepage: 'http://expressjs.com/',
50 silly install resolved     keywords:
50 silly install resolved      [ 'express',
50 silly install resolved        'framework',
50 silly install resolved        'sinatra',
50 silly install resolved        'web',
50 silly install resolved        'rest',
50 silly install resolved        'restful',
50 silly install resolved        'router',
50 silly install resolved        'app',
50 silly install resolved        'api' ],
50 silly install resolved     dependencies:
50 silly install resolved      { accepts: '~1.3.3',
50 silly install resolved        'array-flatten': '1.1.1',
50 silly install resolved        'content-disposition': '0.5.1',
50 silly install resolved        'content-type': '~1.0.2',
50 silly install resolved        cookie: '0.3.1',
50 silly install resolved        'cookie-signature': '1.0.6',
50 silly install resolved        debug: '~2.2.0',
50 silly install resolved        depd: '~1.1.0',
50 silly install resolved        encodeurl: '~1.0.1',
50 silly install resolved        'escape-html': '~1.0.3',
50 silly install resolved        etag: '~1.7.0',
50 silly install resolved        finalhandler: '0.5.0',
50 silly install resolved        fresh: '0.3.0',
50 silly install resolved        'merge-descriptors': '1.0.1',
50 silly install resolved        methods: '~1.1.2',
50 silly install resolved        'on-finished': '~2.3.0',
50 silly install resolved        parseurl: '~1.3.1',
50 silly install resolved        'path-to-regexp': '0.1.7',
50 silly install resolved        'proxy-addr': '~1.1.2',
50 silly install resolved        qs: '6.2.0',
50 silly install resolved        'range-parser': '~1.2.0',
50 silly install resolved        send: '0.14.1',
50 silly install resolved        'serve-static': '~1.11.1',
50 silly install resolved        'type-is': '~1.6.13',
50 silly install resolved        'utils-merge': '1.0.0',
50 silly install resolved        vary: '~1.1.0' },
50 silly install resolved     devDependencies:
50 silly install resolved      { after: '0.8.1',
50 silly install resolved        'body-parser': '~1.15.1',
50 silly install resolved        'cookie-parser': '~1.4.3',
50 silly install resolved        ejs: '2.4.2',
50 silly install resolved        istanbul: '0.4.3',
50 silly install resolved        marked: '0.3.5',
50 silly install resolved        'method-override': '~2.3.6',
50 silly install resolved        mocha: '2.5.3',
50 silly install resolved        morgan: '~1.7.0',
50 silly install resolved        should: '9.0.2',
50 silly install resolved        supertest: '1.2.0',
50 silly install resolved        'connect-redis': '~2.4.1',
50 silly install resolved        'cookie-session': '~1.2.0',
50 silly install resolved        'express-session': '~1.13.0',
50 silly install resolved        jade: '~1.11.0',
50 silly install resolved        multiparty: '~4.1.2',
50 silly install resolved        vhost: '~3.0.2' },
50 silly install resolved     engines: { node: '>= 0.10.0' },
50 silly install resolved     files: [ 'LICENSE', 'History.md', 'Readme.md', 'index.js', 'lib/' ],
50 silly install resolved     scripts:
50 silly install resolved      { test: 'mocha --require test/support/env --reporter spec --bail --check-leaks test/ test/acceptance/',
50 silly install resolved        'test-ci': 'istanbul cover node_modules/mocha/bin/_mocha --report lcovonly -- --require test/support/env --reporter spec --check-leaks test/ test/acceptance/',
50 silly install resolved        'test-cov': 'istanbul cover node_modules/mocha/bin/_mocha -- --require test/support/env --reporter dot --check-leaks test/ test/acceptance/',
50 silly install resolved        'test-tap': 'mocha --require test/support/env --reporter tap --check-leaks test/ test/acceptance/' },
50 silly install resolved     gitHead: '9375a9afa9d7baa814b454c7a6818a7471aaef00',
50 silly install resolved     bugs: { url: 'https://github.com/expressjs/express/issues' },
50 silly install resolved     _id: 'express@4.14.0',
50 silly install resolved     _shasum: 'c1ee3f42cdc891fb3dc650a8922d51ec847d0d66',
50 silly install resolved     _from: 'express@latest',
50 silly install resolved     _npmVersion: '1.4.28',
50 silly install resolved     _npmUser: { name: 'dougwilson', email: 'doug@somethingdoug.com' },
50 silly install resolved     maintainers: [ [Object], [Object], [Object], [Object] ],
50 silly install resolved     dist:
50 silly install resolved      { shasum: 'c1ee3f42cdc891fb3dc650a8922d51ec847d0d66',
50 silly install resolved        tarball: 'https://registry.npmjs.org/express/-/express-4.14.0.tgz' },
50 silly install resolved     _npmOperationalInternal:
50 silly install resolved      { host: 'packages-12-west.internal.npmjs.com',
50 silly install resolved        tmp: 'tmp/express-4.14.0.tgz_1466095407850_0.17484632693231106' },
50 silly install resolved     directories: {},
50 silly install resolved     _resolved: 'https://registry.npmjs.org/express/-/express-4.14.0.tgz' } ]
51 info install express@4.14.0 into /usr/local/lib
52 info installOne express@4.14.0
53 verbose installOne of express to /usr/local/lib not in flight; installing
54 verbose correctMkdir /Users/salmansalem/.npm/_locks correctMkdir not in flight; initializing
55 verbose lock using /Users/salmansalem/.npm/_locks/express-59b5b7164c5e2658.lock for /usr/local/lib/node_modules/express
56 silly install write writing express 4.14.0 to /usr/local/lib/node_modules/express
57 verbose unbuild lib/node_modules/express
58 silly gentlyRm /usr/local/lib/node_modules/express is being purged from base /usr/local
59 verbose gentlyRm don't care about contents; nuking /usr/local/lib/node_modules/express
60 verbose tar unpack /Users/salmansalem/.npm/express/4.14.0/package.tgz
61 verbose tar unpacking to /usr/local/lib/node_modules/express
62 silly gentlyRm /usr/local/lib/node_modules/express is being purged
63 verbose gentlyRm don't care about contents; nuking /usr/local/lib/node_modules/express
64 silly gunzTarPerm modes [ '755', '644' ]
65 error tar.unpack untar error /Users/salmansalem/.npm/express/4.14.0/package.tgz
66 verbose unlock done using /Users/salmansalem/.npm/_locks/express-59b5b7164c5e2658.lock for /usr/local/lib/node_modules/express
67 verbose fstream_path /usr/local/lib/node_modules/express
68 verbose fstream_type Directory
69 verbose fstream_class DirWriter
70 verbose stack Error: EACCES: permission denied, mkdir '/usr/local/lib/node_modules/express'
70 verbose stack     at Error (native)
71 verbose fstream_stack /usr/local/lib/node_modules/npm/node_modules/fstream/lib/dir-writer.js:35:25
71 verbose fstream_stack /usr/local/lib/node_modules/npm/node_modules/mkdirp/index.js:47:53
71 verbose fstream_stack FSReqWrap.oncomplete (fs.js:82:15)
72 verbose cwd /Users/salmansalem/codecore/blog
73 error Darwin 15.3.0
74 error argv "/usr/local/bin/node" "/usr/local/bin/npm" "install" "-g" "express"
75 error node v4.4.5
76 error npm  v2.15.5
77 error path /usr/local/lib/node_modules/express
78 error code EACCES
79 error errno -13
80 error syscall mkdir
81 error Error: EACCES: permission denied, mkdir '/usr/local/lib/node_modules/express'
81 error     at Error (native)
81 error  { [Error: EACCES: permission denied, mkdir '/usr/local/lib/node_modules/express']
81 error   errno: -13,
81 error   code: 'EACCES',
81 error   syscall: 'mkdir',
81 error   path: '/usr/local/lib/node_modules/express',
81 error   fstream_type: 'Directory',
81 error   fstream_path: '/usr/local/lib/node_modules/express',
81 error   fstream_class: 'DirWriter',
81 error   fstream_stack:
81 error    [ '/usr/local/lib/node_modules/npm/node_modules/fstream/lib/dir-writer.js:35:25',
81 error      '/usr/local/lib/node_modules/npm/node_modules/mkdirp/index.js:47:53',
81 error      'FSReqWrap.oncomplete (fs.js:82:15)' ] }
82 error Please try running this command again as root/Administrator.
83 verbose exit [ -13, true ]
84 verbose unbuild lib/node_modules/express
85 silly gentlyRm /usr/local/lib/node_modules/express is being purged from base /usr/local
86 verbose gentlyRm don't care about contents; nuking /usr/local/lib/node_modules/express
